---------------------------------------------------------------
[ 2018-12-17T16:42:40+08:00 ] ::1 GET localhost/attendance/public/
[运行时间：0.202011s] [吞吐率：4.95req/s] [内存消耗：2,129.44kb] [文件加载：58]
[ info ] [ LANG ] F:\My Webs\Projects\attendance\thinkphp\lang\zh-cn.php
[ info ] [ ROUTE ] array (
)
[ info ] [ HEADER ] array (
  'content-type' => '',
  'content-length' => '0',
  'upgrade-insecure-requests' => '1',
  'user-agent' => 'Mozilla/5.0 (Windows NT 6.1; Win64; x64; rv:53.0) Gecko/20100101 Firefox/53.0',
  'host' => 'localhost',
  'cookie' => 'pgv_pvi=4428499968',
  'accept-language' => 'zh-CN,zh;q=0.8,en-US;q=0.5,en;q=0.3',
  'accept-encoding' => 'gzip, deflate',
  'accept' => 'text/html,application/xhtml+xml,application/xml;q=0.9,*/*;q=0.8',
  'connection' => 'keep-alive',
  'cache-control' => 'max-age=0',
)
[ info ] [ PARAM ] array (
)
